2024-10-24 15:25:37,301 INFO o.h.v.i.u.Version [background-preinit] HV000001: Hibernate Validator 8.0.1.Final
2024-10-24 15:25:37,335 INFO o.s.c.c.c.ConfigServerConfigDataLoader [main] Fetching config from server at : http://localhost:8888
2024-10-24 15:25:37,335 INFO o.s.c.c.c.ConfigServerConfigDataLoader [main] Located environment: name=card, profiles=[default], label=null, version=null, state=null
2024-10-24 15:25:37,612 INFO o.s.c.c.c.ConfigServicePropertySourceLocator [main] Fetching config from server at : http://localhost:8888
2024-10-24 15:25:37,623 INFO o.s.c.c.c.ConfigServicePropertySourceLocator [main] Located environment: name=card, profiles=[default], label=null, version=null, state=null
2024-10-24 15:25:37,624 INFO o.s.c.b.c.PropertySourceBootstrapConfiguration [main] Located property source: [BootstrapPropertySource {name='bootstrapProperties-configClient'}, BootstrapPropertySource {name='bootstrapProperties-file:/home/user/IdeaProjects/2024/config/card/application.yml'}]
2024-10-24 15:25:37,629 INFO e.s.c.CardApplication [main] No active profile set, falling back to 1 default profile: "default"
2024-10-24 15:25:37,635 INFO o.s.c.c.c.ConfigServerConfigDataLoader [main] Fetching config from server at : http://localhost:8888
2024-10-24 15:25:37,635 INFO o.s.c.c.c.ConfigServerConfigDataLoader [main] Located environment: name=card, profiles=[default], label=null, version=null, state=null
2024-10-24 15:25:37,922 INFO o.s.d.r.c.RepositoryConfigurationDelegate [main] Bootstrapping Spring Data JPA repositories in DEFAULT mode.
2024-10-24 15:25:37,947 INFO o.s.d.r.c.RepositoryConfigurationDelegate [main] Finished Spring Data repository scanning in 21 ms. Found 2 JPA repository interfaces.
2024-10-24 15:25:38,009 INFO o.s.c.c.s.GenericScope [main] BeanFactory id=b0c946a0-bc94-39fe-a31b-750d50a14a2d
2024-10-24 15:25:38,215 INFO o.s.b.w.e.t.TomcatWebServer [main] Tomcat initialized with port 8084 (http)
2024-10-24 15:25:38,223 INFO o.a.c.h.Http11NioProtocol [main] Initializing ProtocolHandler ["http-nio-8084"]
2024-10-24 15:25:38,225 INFO o.a.c.c.StandardService [main] Starting service [Tomcat]
2024-10-24 15:25:38,225 INFO o.a.c.c.StandardEngine [main] Starting Servlet engine: [Apache Tomcat/10.1.30]
2024-10-24 15:25:38,254 INFO o.a.c.c.C.[.[.[/card] [main] Initializing Spring embedded WebApplicationContext
2024-10-24 15:25:38,255 INFO o.s.b.w.s.c.ServletWebServerApplicationContext [main] Root WebApplicationContext: initialization completed in 619 ms
2024-10-24 15:25:38,324 INFO c.z.h.HikariDataSource [main] HikariPool-1 - Starting...
2024-10-24 15:25:38,403 INFO c.z.h.p.HikariPool [main] HikariPool-1 - Added connection org.postgresql.jdbc.PgConnection@45c90a05
2024-10-24 15:25:38,404 INFO c.z.h.HikariDataSource [main] HikariPool-1 - Start completed.
2024-10-24 15:25:38,496 INFO l.database [main] Set default schema name to public
2024-10-24 15:25:38,656 INFO l.changelog [main] Reading from public.databasechangelog
2024-10-24 15:25:38,682 INFO l.ui [main] Database is up to date, no changesets to execute
2024-10-24 15:25:38,683 INFO l.changelog [main] Reading from public.databasechangelog
2024-10-24 15:25:38,688 INFO l.util [main] UPDATE SUMMARY
2024-10-24 15:25:38,688 INFO l.util [main] Run:                          0
2024-10-24 15:25:38,688 INFO l.util [main] Previously run:               2
2024-10-24 15:25:38,688 INFO l.util [main] Filtered out:                 0
2024-10-24 15:25:38,688 INFO l.util [main] -------------------------------
2024-10-24 15:25:38,688 INFO l.util [main] Total change sets:            2
2024-10-24 15:25:38,688 INFO l.util [main] Update summary generated
2024-10-24 15:25:38,706 INFO l.lockservice [main] Successfully released change log lock
2024-10-24 15:25:38,708 INFO l.command [main] Command execution complete
2024-10-24 15:25:38,745 INFO o.h.j.i.u.LogHelper [main] HHH000204: Processing PersistenceUnitInfo [name: default]
2024-10-24 15:25:38,766 INFO o.h.Version [main] HHH000412: Hibernate ORM core version 6.5.3.Final
2024-10-24 15:25:38,780 INFO o.h.c.i.RegionFactoryInitiator [main] HHH000026: Second-level cache disabled
2024-10-24 15:25:38,887 INFO o.s.o.j.p.SpringPersistenceUnitInfo [main] No LoadTimeWeaver setup: ignoring JPA class transformer
2024-10-24 15:25:39,262 INFO o.h.e.t.j.p.i.JtaPlatformInitiator [main] HHH000489: No JTA platform available (set 'hibernate.transaction.jta.platform' to enable JTA platform integration)
2024-10-24 15:25:39,278 INFO o.s.o.j.LocalContainerEntityManagerFactoryBean [main] Initialized JPA EntityManagerFactory for persistence unit 'default'
2024-10-24 15:25:39,390 INFO o.s.d.j.r.q.QueryEnhancerFactory [main] Hibernate is in classpath; If applicable, HQL parser will be used.
2024-10-24 15:25:39,950 INFO o.a.c.h.Http11NioProtocol [main] Starting ProtocolHandler ["http-nio-8084"]
2024-10-24 15:25:39,957 INFO o.s.b.w.e.t.TomcatWebServer [main] Tomcat started on port 8084 (http) with context path '/card'
2024-10-24 15:25:39,961 INFO o.s.a.r.c.CachingConnectionFactory [main] Attempting to connect to: [localhost:5672]
2024-10-24 15:25:39,978 INFO o.s.a.r.c.CachingConnectionFactory [main] Created new connection: rabbitConnectionFactory#784fb189:0/SimpleConnection@11581810 [delegate=amqp://admin@127.0.0.1:5672/, localPort=37858]
2024-10-24 15:25:40,013 INFO e.s.c.CardApplication [main] Started CardApplication in 3.183 seconds (process running for 3.357)
2024-10-24 15:25:50,260 INFO o.s.a.r.l.SimpleMessageListenerContainer [org.springframework.amqp.rabbit.RabbitListenerEndpointContainer#0-2] Waiting for workers to finish.
2024-10-24 15:25:50,261 INFO o.s.a.r.l.SimpleMessageListenerContainer [org.springframework.amqp.rabbit.RabbitListenerEndpointContainer#1-2] Waiting for workers to finish.
2024-10-24 15:25:51,005 INFO o.s.a.r.l.SimpleMessageListenerContainer [org.springframework.amqp.rabbit.RabbitListenerEndpointContainer#0-2] Successfully waited for workers to finish.
2024-10-24 15:25:51,010 INFO o.s.a.r.l.SimpleMessageListenerContainer [org.springframework.amqp.rabbit.RabbitListenerEndpointContainer#1-2] Successfully waited for workers to finish.
2024-10-24 15:25:51,015 INFO o.s.o.j.LocalContainerEntityManagerFactoryBean [SpringApplicationShutdownHook] Closing JPA EntityManagerFactory for persistence unit 'default'
2024-10-24 15:25:51,016 INFO c.z.h.HikariDataSource [SpringApplicationShutdownHook] HikariPool-1 - Shutdown initiated...
2024-10-24 15:25:51,017 INFO c.z.h.HikariDataSource [SpringApplicationShutdownHook] HikariPool-1 - Shutdown completed.
2024-10-24 15:25:52,258 INFO o.h.v.i.u.Version [background-preinit] HV000001: Hibernate Validator 8.0.1.Final
2024-10-24 15:25:52,298 INFO o.s.c.c.c.ConfigServerConfigDataLoader [main] Fetching config from server at : http://localhost:8888
2024-10-24 15:25:52,298 INFO o.s.c.c.c.ConfigServerConfigDataLoader [main] Located environment: name=card, profiles=[default], label=null, version=null, state=null
2024-10-24 15:25:52,576 INFO o.s.c.c.c.ConfigServicePropertySourceLocator [main] Fetching config from server at : http://localhost:8888
2024-10-24 15:25:52,584 INFO o.s.c.c.c.ConfigServicePropertySourceLocator [main] Located environment: name=card, profiles=[default], label=null, version=null, state=null
2024-10-24 15:25:52,585 INFO o.s.c.b.c.PropertySourceBootstrapConfiguration [main] Located property source: [BootstrapPropertySource {name='bootstrapProperties-configClient'}, BootstrapPropertySource {name='bootstrapProperties-file:/home/user/IdeaProjects/2024/config/card/application.yml'}]
2024-10-24 15:25:52,589 INFO e.s.c.CardApplication [main] No active profile set, falling back to 1 default profile: "default"
2024-10-24 15:25:52,595 INFO o.s.c.c.c.ConfigServerConfigDataLoader [main] Fetching config from server at : http://localhost:8888
2024-10-24 15:25:52,596 INFO o.s.c.c.c.ConfigServerConfigDataLoader [main] Located environment: name=card, profiles=[default], label=null, version=null, state=null
2024-10-24 15:25:52,848 INFO o.s.d.r.c.RepositoryConfigurationDelegate [main] Bootstrapping Spring Data JPA repositories in DEFAULT mode.
2024-10-24 15:25:52,874 INFO o.s.d.r.c.RepositoryConfigurationDelegate [main] Finished Spring Data repository scanning in 22 ms. Found 2 JPA repository interfaces.
2024-10-24 15:25:52,933 INFO o.s.c.c.s.GenericScope [main] BeanFactory id=b0c946a0-bc94-39fe-a31b-750d50a14a2d
2024-10-24 15:25:53,136 INFO o.s.b.w.e.t.TomcatWebServer [main] Tomcat initialized with port 8084 (http)
2024-10-24 15:25:53,144 INFO o.a.c.h.Http11NioProtocol [main] Initializing ProtocolHandler ["http-nio-8084"]
2024-10-24 15:25:53,146 INFO o.a.c.c.StandardService [main] Starting service [Tomcat]
2024-10-24 15:25:53,147 INFO o.a.c.c.StandardEngine [main] Starting Servlet engine: [Apache Tomcat/10.1.30]
2024-10-24 15:25:53,180 INFO o.a.c.c.C.[.[.[/card] [main] Initializing Spring embedded WebApplicationContext
2024-10-24 15:25:53,180 INFO o.s.b.w.s.c.ServletWebServerApplicationContext [main] Root WebApplicationContext: initialization completed in 584 ms
2024-10-24 15:25:53,261 INFO c.z.h.HikariDataSource [main] HikariPool-1 - Starting...
2024-10-24 15:25:53,347 INFO c.z.h.p.HikariPool [main] HikariPool-1 - Added connection org.postgresql.jdbc.PgConnection@6248cfab
2024-10-24 15:25:53,349 INFO c.z.h.HikariDataSource [main] HikariPool-1 - Start completed.
2024-10-24 15:25:53,458 INFO l.database [main] Set default schema name to public
2024-10-24 15:25:53,623 INFO l.changelog [main] Reading from public.databasechangelog
2024-10-24 15:25:53,648 INFO l.ui [main] Database is up to date, no changesets to execute
2024-10-24 15:25:53,650 INFO l.changelog [main] Reading from public.databasechangelog
2024-10-24 15:25:53,663 INFO l.util [main] UPDATE SUMMARY
2024-10-24 15:25:53,663 INFO l.util [main] Run:                          0
2024-10-24 15:25:53,663 INFO l.util [main] Previously run:               2
2024-10-24 15:25:53,663 INFO l.util [main] Filtered out:                 0
2024-10-24 15:25:53,663 INFO l.util [main] -------------------------------
2024-10-24 15:25:53,663 INFO l.util [main] Total change sets:            2
2024-10-24 15:25:53,664 INFO l.util [main] Update summary generated
2024-10-24 15:25:53,682 INFO l.lockservice [main] Successfully released change log lock
2024-10-24 15:25:53,684 INFO l.command [main] Command execution complete
2024-10-24 15:25:53,730 INFO o.h.j.i.u.LogHelper [main] HHH000204: Processing PersistenceUnitInfo [name: default]
2024-10-24 15:25:53,751 INFO o.h.Version [main] HHH000412: Hibernate ORM core version 6.5.3.Final
2024-10-24 15:25:53,765 INFO o.h.c.i.RegionFactoryInitiator [main] HHH000026: Second-level cache disabled
2024-10-24 15:25:53,890 INFO o.s.o.j.p.SpringPersistenceUnitInfo [main] No LoadTimeWeaver setup: ignoring JPA class transformer
2024-10-24 15:25:54,290 INFO o.h.e.t.j.p.i.JtaPlatformInitiator [main] HHH000489: No JTA platform available (set 'hibernate.transaction.jta.platform' to enable JTA platform integration)
2024-10-24 15:25:54,306 INFO o.s.o.j.LocalContainerEntityManagerFactoryBean [main] Initialized JPA EntityManagerFactory for persistence unit 'default'
2024-10-24 15:25:54,415 INFO o.s.d.j.r.q.QueryEnhancerFactory [main] Hibernate is in classpath; If applicable, HQL parser will be used.
2024-10-24 15:25:54,923 INFO o.a.c.h.Http11NioProtocol [main] Starting ProtocolHandler ["http-nio-8084"]
2024-10-24 15:25:54,931 INFO o.s.b.w.e.t.TomcatWebServer [main] Tomcat started on port 8084 (http) with context path '/card'
2024-10-24 15:25:54,935 INFO o.s.a.r.c.CachingConnectionFactory [main] Attempting to connect to: [localhost:5672]
2024-10-24 15:25:54,953 INFO o.s.a.r.c.CachingConnectionFactory [main] Created new connection: rabbitConnectionFactory#784fb189:0/SimpleConnection@49f8b57d [delegate=amqp://admin@127.0.0.1:5672/, localPort=59446]
2024-10-24 15:25:54,989 INFO e.s.c.CardApplication [main] Started CardApplication in 3.25 seconds (process running for 3.435)
2024-10-24 15:26:06,358 INFO o.s.a.r.l.SimpleMessageListenerContainer [org.springframework.amqp.rabbit.RabbitListenerEndpointContainer#0-2] Waiting for workers to finish.
2024-10-24 15:26:06,359 INFO o.s.a.r.l.SimpleMessageListenerContainer [org.springframework.amqp.rabbit.RabbitListenerEndpointContainer#1-2] Waiting for workers to finish.
2024-10-24 15:26:06,986 INFO o.s.a.r.l.SimpleMessageListenerContainer [org.springframework.amqp.rabbit.RabbitListenerEndpointContainer#0-2] Successfully waited for workers to finish.
2024-10-24 15:26:06,987 INFO o.s.a.r.l.SimpleMessageListenerContainer [org.springframework.amqp.rabbit.RabbitListenerEndpointContainer#1-2] Successfully waited for workers to finish.
2024-10-24 15:26:06,992 INFO o.s.o.j.LocalContainerEntityManagerFactoryBean [SpringApplicationShutdownHook] Closing JPA EntityManagerFactory for persistence unit 'default'
2024-10-24 15:26:06,993 INFO c.z.h.HikariDataSource [SpringApplicationShutdownHook] HikariPool-1 - Shutdown initiated...
2024-10-24 15:26:06,995 INFO c.z.h.HikariDataSource [SpringApplicationShutdownHook] HikariPool-1 - Shutdown completed.
2024-10-24 15:26:08,289 INFO o.h.v.i.u.Version [background-preinit] HV000001: Hibernate Validator 8.0.1.Final
2024-10-24 15:26:08,330 INFO o.s.c.c.c.ConfigServerConfigDataLoader [main] Fetching config from server at : http://localhost:8888
2024-10-24 15:26:08,330 INFO o.s.c.c.c.ConfigServerConfigDataLoader [main] Located environment: name=card, profiles=[default], label=null, version=null, state=null
2024-10-24 15:26:08,628 INFO o.s.c.c.c.ConfigServicePropertySourceLocator [main] Fetching config from server at : http://localhost:8888
2024-10-24 15:26:08,636 INFO o.s.c.c.c.ConfigServicePropertySourceLocator [main] Located environment: name=card, profiles=[default], label=null, version=null, state=null
2024-10-24 15:26:08,637 INFO o.s.c.b.c.PropertySourceBootstrapConfiguration [main] Located property source: [BootstrapPropertySource {name='bootstrapProperties-configClient'}, BootstrapPropertySource {name='bootstrapProperties-file:/home/user/IdeaProjects/2024/config/card/application.yml'}]
2024-10-24 15:26:08,643 INFO e.s.c.CardApplication [main] No active profile set, falling back to 1 default profile: "default"
2024-10-24 15:26:08,652 INFO o.s.c.c.c.ConfigServerConfigDataLoader [main] Fetching config from server at : http://localhost:8888
2024-10-24 15:26:08,652 INFO o.s.c.c.c.ConfigServerConfigDataLoader [main] Located environment: name=card, profiles=[default], label=null, version=null, state=null
2024-10-24 15:26:08,925 INFO o.s.d.r.c.RepositoryConfigurationDelegate [main] Bootstrapping Spring Data JPA repositories in DEFAULT mode.
2024-10-24 15:26:08,951 INFO o.s.d.r.c.RepositoryConfigurationDelegate [main] Finished Spring Data repository scanning in 21 ms. Found 2 JPA repository interfaces.
2024-10-24 15:26:09,015 INFO o.s.c.c.s.GenericScope [main] BeanFactory id=b0c946a0-bc94-39fe-a31b-750d50a14a2d
2024-10-24 15:26:09,224 INFO o.s.b.w.e.t.TomcatWebServer [main] Tomcat initialized with port 8084 (http)
2024-10-24 15:26:09,232 INFO o.a.c.h.Http11NioProtocol [main] Initializing ProtocolHandler ["http-nio-8084"]
2024-10-24 15:26:09,235 INFO o.a.c.c.StandardService [main] Starting service [Tomcat]
2024-10-24 15:26:09,235 INFO o.a.c.c.StandardEngine [main] Starting Servlet engine: [Apache Tomcat/10.1.30]
2024-10-24 15:26:09,269 INFO o.a.c.c.C.[.[.[/card] [main] Initializing Spring embedded WebApplicationContext
2024-10-24 15:26:09,270 INFO o.s.b.w.s.c.ServletWebServerApplicationContext [main] Root WebApplicationContext: initialization completed in 618 ms
2024-10-24 15:26:09,348 INFO c.z.h.HikariDataSource [main] HikariPool-1 - Starting...
2024-10-24 15:26:09,431 INFO c.z.h.p.HikariPool [main] HikariPool-1 - Added connection org.postgresql.jdbc.PgConnection@6248cfab
2024-10-24 15:26:09,433 INFO c.z.h.HikariDataSource [main] HikariPool-1 - Start completed.
2024-10-24 15:26:09,541 INFO l.database [main] Set default schema name to public
2024-10-24 15:26:09,727 INFO l.changelog [main] Reading from public.databasechangelog
2024-10-24 15:26:09,749 INFO l.changelog [main] Change failed validation!
2024-10-24 15:26:09,750 INFO l.command [main] Logging exception.
2024-10-24 15:26:09,750 INFO l.ui [main] ERROR: Exception Details
2024-10-24 15:26:09,750 INFO l.ui [main] ERROR: Exception Primary Class:  ValidationFailedException
2024-10-24 15:26:09,751 INFO l.ui [main] ERROR: Exception Primary Reason:  Validation Failed:
     1 changesets check sum
          db/changelog/changeset/v.1.0/v.1.0-15-10-2024-create-card-table-changelog.yaml::v.1.0-1-create-card::andrei_savitski was: 9:548f756ef07b47df8daf6b442c425726 but is now: 9:04fc0f89875557f06b5abc4f5df454ae

2024-10-24 15:26:09,751 INFO l.ui [main] ERROR: Exception Primary Source:  4.27.0
2024-10-24 15:26:09,751 INFO l.command [main] Command execution complete
2024-10-24 15:26:09,752 WARN o.s.b.w.s.c.AnnotationConfigServletWebServerApplicationContext [main] Exception encountered during context initialization - cancelling refresh attempt: org.springframework.beans.factory.BeanCreationException: Error creating bean with name 'entityManagerFactory' defined in class path resource [org/springframework/boot/autoconfigure/orm/jpa/HibernateJpaConfiguration.class]: Failed to initialize dependency 'liquibase' of LoadTimeWeaverAware bean 'entityManagerFactory': Error creating bean with name 'liquibase' defined in class path resource [org/springframework/boot/autoconfigure/liquibase/LiquibaseAutoConfiguration$LiquibaseConfiguration.class]: liquibase.exception.CommandExecutionException: liquibase.exception.ValidationFailedException: Validation Failed:
     1 changesets check sum
          db/changelog/changeset/v.1.0/v.1.0-15-10-2024-create-card-table-changelog.yaml::v.1.0-1-create-card::andrei_savitski was: 9:548f756ef07b47df8daf6b442c425726 but is now: 9:04fc0f89875557f06b5abc4f5df454ae

2024-10-24 15:26:09,752 INFO c.z.h.HikariDataSource [main] HikariPool-1 - Shutdown initiated...
2024-10-24 15:26:09,770 INFO c.z.h.HikariDataSource [main] HikariPool-1 - Shutdown completed.
2024-10-24 15:26:09,771 INFO o.a.c.c.StandardService [main] Stopping service [Tomcat]
2024-10-24 15:26:09,777 INFO o.s.b.a.l.ConditionEvaluationReportLogger [main] 

Error starting ApplicationContext. To display the condition evaluation report re-run your application with 'debug' enabled.
2024-10-24 15:26:09,784 ERROR o.s.b.SpringApplication [main] Application run failed
org.springframework.beans.factory.BeanCreationException: Error creating bean with name 'entityManagerFactory' defined in class path resource [org/springframework/boot/autoconfigure/orm/jpa/HibernateJpaConfiguration.class]: Failed to initialize dependency 'liquibase' of LoadTimeWeaverAware bean 'entityManagerFactory': Error creating bean with name 'liquibase' defined in class path resource [org/springframework/boot/autoconfigure/liquibase/LiquibaseAutoConfiguration$LiquibaseConfiguration.class]: liquibase.exception.CommandExecutionException: liquibase.exception.ValidationFailedException: Validation Failed:
     1 changesets check sum
          db/changelog/changeset/v.1.0/v.1.0-15-10-2024-create-card-table-changelog.yaml::v.1.0-1-create-card::andrei_savitski was: 9:548f756ef07b47df8daf6b442c425726 but is now: 9:04fc0f89875557f06b5abc4f5df454ae

	at org.springframework.beans.factory.support.AbstractBeanFactory.doGetBean(AbstractBeanFactory.java:326)
	at org.springframework.beans.factory.support.AbstractBeanFactory.getBean(AbstractBeanFactory.java:205)
	at org.springframework.context.support.AbstractApplicationContext.finishBeanFactoryInitialization(AbstractApplicationContext.java:954)
	at org.springframework.context.support.AbstractApplicationContext.refresh(AbstractApplicationContext.java:625)
	at org.springframework.boot.web.servlet.context.ServletWebServerApplicationContext.refresh(ServletWebServerApplicationContext.java:146)
	at org.springframework.boot.SpringApplication.refresh(SpringApplication.java:754)
	at org.springframework.boot.SpringApplication.refreshContext(SpringApplication.java:456)
	at org.springframework.boot.SpringApplication.run(SpringApplication.java:335)
	at org.springframework.boot.SpringApplication.run(SpringApplication.java:1363)
	at org.springframework.boot.SpringApplication.run(SpringApplication.java:1352)
	at eu.senla.card.CardApplication.main(CardApplication.java:10)
Caused by: org.springframework.beans.factory.BeanCreationException: Error creating bean with name 'liquibase' defined in class path resource [org/springframework/boot/autoconfigure/liquibase/LiquibaseAutoConfiguration$LiquibaseConfiguration.class]: liquibase.exception.CommandExecutionException: liquibase.exception.ValidationFailedException: Validation Failed:
     1 changesets check sum
          db/changelog/changeset/v.1.0/v.1.0-15-10-2024-create-card-table-changelog.yaml::v.1.0-1-create-card::andrei_savitski was: 9:548f756ef07b47df8daf6b442c425726 but is now: 9:04fc0f89875557f06b5abc4f5df454ae

	at org.springframework.beans.factory.support.AbstractAutowireCapableBeanFactory.initializeBean(AbstractAutowireCapableBeanFactory.java:1806)
	at org.springframework.beans.factory.support.AbstractAutowireCapableBeanFactory.doCreateBean(AbstractAutowireCapableBeanFactory.java:600)
	at org.springframework.beans.factory.support.AbstractAutowireCapableBeanFactory.createBean(AbstractAutowireCapableBeanFactory.java:522)
	at org.springframework.beans.factory.support.AbstractBeanFactory.lambda$doGetBean$0(AbstractBeanFactory.java:337)
	at org.springframework.beans.factory.support.DefaultSingletonBeanRegistry.getSingleton(DefaultSingletonBeanRegistry.java:234)
	at org.springframework.beans.factory.support.AbstractBeanFactory.doGetBean(AbstractBeanFactory.java:335)
	at org.springframework.beans.factory.support.AbstractBeanFactory.getBean(AbstractBeanFactory.java:200)
	at org.springframework.beans.factory.support.AbstractBeanFactory.doGetBean(AbstractBeanFactory.java:313)
	... 10 common frames omitted
Caused by: liquibase.exception.UnexpectedLiquibaseException: liquibase.exception.CommandExecutionException: liquibase.exception.ValidationFailedException: Validation Failed:
     1 changesets check sum
          db/changelog/changeset/v.1.0/v.1.0-15-10-2024-create-card-table-changelog.yaml::v.1.0-1-create-card::andrei_savitski was: 9:548f756ef07b47df8daf6b442c425726 but is now: 9:04fc0f89875557f06b5abc4f5df454ae

	at liquibase.integration.spring.SpringLiquibase.afterPropertiesSet(SpringLiquibase.java:259)
	at org.springframework.beans.factory.support.AbstractAutowireCapableBeanFactory.invokeInitMethods(AbstractAutowireCapableBeanFactory.java:1853)
	at org.springframework.beans.factory.support.AbstractAutowireCapableBeanFactory.initializeBean(AbstractAutowireCapableBeanFactory.java:1802)
	... 17 common frames omitted
Caused by: liquibase.exception.CommandExecutionException: liquibase.exception.ValidationFailedException: Validation Failed:
     1 changesets check sum
          db/changelog/changeset/v.1.0/v.1.0-15-10-2024-create-card-table-changelog.yaml::v.1.0-1-create-card::andrei_savitski was: 9:548f756ef07b47df8daf6b442c425726 but is now: 9:04fc0f89875557f06b5abc4f5df454ae

	at liquibase.command.CommandScope.execute(CommandScope.java:257)
	at liquibase.Liquibase.lambda$update$0(Liquibase.java:245)
	at liquibase.Scope.lambda$child$0(Scope.java:190)
	at liquibase.Scope.child(Scope.java:199)
	at liquibase.Scope.child(Scope.java:189)
	at liquibase.Scope.child(Scope.java:168)
	at liquibase.Liquibase.runInScope(Liquibase.java:1436)
	at liquibase.Liquibase.update(Liquibase.java:234)
	at liquibase.Liquibase.update(Liquibase.java:212)
	at liquibase.integration.spring.SpringLiquibase.performUpdate(SpringLiquibase.java:297)
	at liquibase.integration.spring.SpringLiquibase.lambda$afterPropertiesSet$0(SpringLiquibase.java:249)
	at liquibase.Scope.lambda$child$0(Scope.java:190)
	at liquibase.Scope.child(Scope.java:199)
	at liquibase.Scope.child(Scope.java:189)
	at liquibase.Scope.child(Scope.java:168)
	at liquibase.Scope.child(Scope.java:256)
	at liquibase.integration.spring.SpringLiquibase.afterPropertiesSet(SpringLiquibase.java:242)
	... 19 common frames omitted
Caused by: liquibase.exception.ValidationFailedException: Validation Failed:
     1 changesets check sum
          db/changelog/changeset/v.1.0/v.1.0-15-10-2024-create-card-table-changelog.yaml::v.1.0-1-create-card::andrei_savitski was: 9:548f756ef07b47df8daf6b442c425726 but is now: 9:04fc0f89875557f06b5abc4f5df454ae

	at liquibase.changelog.DatabaseChangeLog.validate(DatabaseChangeLog.java:358)
	at liquibase.command.core.helpers.DatabaseChangelogCommandStep.run(DatabaseChangelogCommandStep.java:92)
	at liquibase.command.CommandScope.execute(CommandScope.java:219)
	... 35 common frames omitted
2024-10-24 15:26:17,935 INFO o.h.v.i.u.Version [background-preinit] HV000001: Hibernate Validator 8.0.1.Final
2024-10-24 15:26:17,971 INFO o.s.c.c.c.ConfigServerConfigDataLoader [main] Fetching config from server at : http://localhost:8888
2024-10-24 15:26:17,971 INFO o.s.c.c.c.ConfigServerConfigDataLoader [main] Located environment: name=card, profiles=[default], label=null, version=null, state=null
2024-10-24 15:26:18,241 INFO o.s.c.c.c.ConfigServicePropertySourceLocator [main] Fetching config from server at : http://localhost:8888
2024-10-24 15:26:18,249 INFO o.s.c.c.c.ConfigServicePropertySourceLocator [main] Located environment: name=card, profiles=[default], label=null, version=null, state=null
2024-10-24 15:26:18,250 INFO o.s.c.b.c.PropertySourceBootstrapConfiguration [main] Located property source: [BootstrapPropertySource {name='bootstrapProperties-configClient'}, BootstrapPropertySource {name='bootstrapProperties-file:/home/user/IdeaProjects/2024/config/card/application.yml'}]
2024-10-24 15:26:18,255 INFO e.s.c.CardApplication [main] No active profile set, falling back to 1 default profile: "default"
2024-10-24 15:26:18,263 INFO o.s.c.c.c.ConfigServerConfigDataLoader [main] Fetching config from server at : http://localhost:8888
2024-10-24 15:26:18,264 INFO o.s.c.c.c.ConfigServerConfigDataLoader [main] Located environment: name=card, profiles=[default], label=null, version=null, state=null
2024-10-24 15:26:18,536 INFO o.s.d.r.c.RepositoryConfigurationDelegate [main] Bootstrapping Spring Data JPA repositories in DEFAULT mode.
2024-10-24 15:26:18,562 INFO o.s.d.r.c.RepositoryConfigurationDelegate [main] Finished Spring Data repository scanning in 22 ms. Found 2 JPA repository interfaces.
2024-10-24 15:26:18,625 INFO o.s.c.c.s.GenericScope [main] BeanFactory id=b0c946a0-bc94-39fe-a31b-750d50a14a2d
2024-10-24 15:26:18,814 INFO o.s.b.w.e.t.TomcatWebServer [main] Tomcat initialized with port 8084 (http)
2024-10-24 15:26:18,822 INFO o.a.c.h.Http11NioProtocol [main] Initializing ProtocolHandler ["http-nio-8084"]
2024-10-24 15:26:18,824 INFO o.a.c.c.StandardService [main] Starting service [Tomcat]
2024-10-24 15:26:18,825 INFO o.a.c.c.StandardEngine [main] Starting Servlet engine: [Apache Tomcat/10.1.30]
2024-10-24 15:26:18,855 INFO o.a.c.c.C.[.[.[/card] [main] Initializing Spring embedded WebApplicationContext
2024-10-24 15:26:18,856 INFO o.s.b.w.s.c.ServletWebServerApplicationContext [main] Root WebApplicationContext: initialization completed in 592 ms
2024-10-24 15:26:18,933 INFO c.z.h.HikariDataSource [main] HikariPool-1 - Starting...
2024-10-24 15:26:19,021 INFO c.z.h.p.HikariPool [main] HikariPool-1 - Added connection org.postgresql.jdbc.PgConnection@6248cfab
2024-10-24 15:26:19,022 INFO c.z.h.HikariDataSource [main] HikariPool-1 - Start completed.
2024-10-24 15:26:19,125 INFO l.database [main] Set default schema name to public
2024-10-24 15:26:19,291 INFO l.changelog [main] Reading from public.databasechangelog
2024-10-24 15:26:19,316 INFO l.ui [main] Database is up to date, no changesets to execute
2024-10-24 15:26:19,318 INFO l.changelog [main] Reading from public.databasechangelog
2024-10-24 15:26:19,323 INFO l.util [main] UPDATE SUMMARY
2024-10-24 15:26:19,323 INFO l.util [main] Run:                          0
2024-10-24 15:26:19,323 INFO l.util [main] Previously run:               2
2024-10-24 15:26:19,323 INFO l.util [main] Filtered out:                 0
2024-10-24 15:26:19,323 INFO l.util [main] -------------------------------
2024-10-24 15:26:19,323 INFO l.util [main] Total change sets:            2
2024-10-24 15:26:19,324 INFO l.util [main] Update summary generated
2024-10-24 15:26:19,342 INFO l.lockservice [main] Successfully released change log lock
2024-10-24 15:26:19,344 INFO l.command [main] Command execution complete
2024-10-24 15:26:19,378 INFO o.h.j.i.u.LogHelper [main] HHH000204: Processing PersistenceUnitInfo [name: default]
2024-10-24 15:26:19,398 INFO o.h.Version [main] HHH000412: Hibernate ORM core version 6.5.3.Final
2024-10-24 15:26:19,411 INFO o.h.c.i.RegionFactoryInitiator [main] HHH000026: Second-level cache disabled
2024-10-24 15:26:19,519 INFO o.s.o.j.p.SpringPersistenceUnitInfo [main] No LoadTimeWeaver setup: ignoring JPA class transformer
2024-10-24 15:26:19,914 INFO o.h.e.t.j.p.i.JtaPlatformInitiator [main] HHH000489: No JTA platform available (set 'hibernate.transaction.jta.platform' to enable JTA platform integration)
2024-10-24 15:26:19,930 INFO o.s.o.j.LocalContainerEntityManagerFactoryBean [main] Initialized JPA EntityManagerFactory for persistence unit 'default'
2024-10-24 15:26:20,029 INFO o.s.d.j.r.q.QueryEnhancerFactory [main] Hibernate is in classpath; If applicable, HQL parser will be used.
2024-10-24 15:26:20,566 INFO o.a.c.h.Http11NioProtocol [main] Starting ProtocolHandler ["http-nio-8084"]
2024-10-24 15:26:20,572 INFO o.s.b.w.e.t.TomcatWebServer [main] Tomcat started on port 8084 (http) with context path '/card'
2024-10-24 15:26:20,576 INFO o.s.a.r.c.CachingConnectionFactory [main] Attempting to connect to: [localhost:5672]
2024-10-24 15:26:20,594 INFO o.s.a.r.c.CachingConnectionFactory [main] Created new connection: rabbitConnectionFactory#784fb189:0/SimpleConnection@49f8b57d [delegate=amqp://admin@127.0.0.1:5672/, localPort=52078]
2024-10-24 15:26:20,631 INFO e.s.c.CardApplication [main] Started CardApplication in 3.156 seconds (process running for 3.336)
2024-10-24 15:26:23,784 INFO o.s.a.r.l.SimpleMessageListenerContainer [org.springframework.amqp.rabbit.RabbitListenerEndpointContainer#0-2] Waiting for workers to finish.
2024-10-24 15:26:23,785 INFO o.s.a.r.l.SimpleMessageListenerContainer [org.springframework.amqp.rabbit.RabbitListenerEndpointContainer#1-2] Waiting for workers to finish.
2024-10-24 15:26:24,625 INFO o.s.a.r.l.SimpleMessageListenerContainer [org.springframework.amqp.rabbit.RabbitListenerEndpointContainer#0-2] Successfully waited for workers to finish.
2024-10-24 15:26:24,627 INFO o.s.a.r.l.SimpleMessageListenerContainer [org.springframework.amqp.rabbit.RabbitListenerEndpointContainer#1-2] Successfully waited for workers to finish.
2024-10-24 15:26:24,632 INFO o.s.o.j.LocalContainerEntityManagerFactoryBean [SpringApplicationShutdownHook] Closing JPA EntityManagerFactory for persistence unit 'default'
2024-10-24 15:26:24,633 INFO c.z.h.HikariDataSource [SpringApplicationShutdownHook] HikariPool-1 - Shutdown initiated...
2024-10-24 15:26:24,635 INFO c.z.h.HikariDataSource [SpringApplicationShutdownHook] HikariPool-1 - Shutdown completed.
2024-10-24 15:27:08,899 INFO o.h.v.i.u.Version [background-preinit] HV000001: Hibernate Validator 8.0.1.Final
2024-10-24 15:27:08,933 INFO o.s.c.c.c.ConfigServerConfigDataLoader [main] Fetching config from server at : http://localhost:8888
2024-10-24 15:27:08,934 INFO o.s.c.c.c.ConfigServerConfigDataLoader [main] Located environment: name=card, profiles=[default], label=null, version=null, state=null
2024-10-24 15:27:09,212 INFO o.s.c.c.c.ConfigServicePropertySourceLocator [main] Fetching config from server at : http://localhost:8888
2024-10-24 15:27:09,221 INFO o.s.c.c.c.ConfigServicePropertySourceLocator [main] Located environment: name=card, profiles=[default], label=null, version=null, state=null
2024-10-24 15:27:09,222 INFO o.s.c.b.c.PropertySourceBootstrapConfiguration [main] Located property source: [BootstrapPropertySource {name='bootstrapProperties-configClient'}, BootstrapPropertySource {name='bootstrapProperties-file:/home/user/IdeaProjects/2024/config/card/application.yml'}]
2024-10-24 15:27:09,227 INFO e.s.c.CardApplication [main] No active profile set, falling back to 1 default profile: "default"
2024-10-24 15:27:09,234 INFO o.s.c.c.c.ConfigServerConfigDataLoader [main] Fetching config from server at : http://localhost:8888
2024-10-24 15:27:09,234 INFO o.s.c.c.c.ConfigServerConfigDataLoader [main] Located environment: name=card, profiles=[default], label=null, version=null, state=null
2024-10-24 15:27:09,506 INFO o.s.d.r.c.RepositoryConfigurationDelegate [main] Bootstrapping Spring Data JPA repositories in DEFAULT mode.
2024-10-24 15:27:09,532 INFO o.s.d.r.c.RepositoryConfigurationDelegate [main] Finished Spring Data repository scanning in 21 ms. Found 2 JPA repository interfaces.
2024-10-24 15:27:09,592 INFO o.s.c.c.s.GenericScope [main] BeanFactory id=b0c946a0-bc94-39fe-a31b-750d50a14a2d
2024-10-24 15:27:09,782 INFO o.s.b.w.e.t.TomcatWebServer [main] Tomcat initialized with port 8084 (http)
2024-10-24 15:27:09,789 INFO o.a.c.h.Http11NioProtocol [main] Initializing ProtocolHandler ["http-nio-8084"]
2024-10-24 15:27:09,792 INFO o.a.c.c.StandardService [main] Starting service [Tomcat]
2024-10-24 15:27:09,792 INFO o.a.c.c.StandardEngine [main] Starting Servlet engine: [Apache Tomcat/10.1.30]
2024-10-24 15:27:09,823 INFO o.a.c.c.C.[.[.[/card] [main] Initializing Spring embedded WebApplicationContext
2024-10-24 15:27:09,823 INFO o.s.b.w.s.c.ServletWebServerApplicationContext [main] Root WebApplicationContext: initialization completed in 589 ms
2024-10-24 15:27:09,901 INFO c.z.h.HikariDataSource [main] HikariPool-1 - Starting...
2024-10-24 15:27:09,978 INFO c.z.h.p.HikariPool [main] HikariPool-1 - Added connection org.postgresql.jdbc.PgConnection@6248cfab
2024-10-24 15:27:09,978 INFO c.z.h.HikariDataSource [main] HikariPool-1 - Start completed.
2024-10-24 15:27:10,068 INFO l.database [main] Set default schema name to public
2024-10-24 15:27:10,230 INFO l.changelog [main] Reading from public.databasechangelog
2024-10-24 15:27:10,255 INFO l.ui [main] Database is up to date, no changesets to execute
2024-10-24 15:27:10,256 INFO l.changelog [main] Reading from public.databasechangelog
2024-10-24 15:27:10,261 INFO l.util [main] UPDATE SUMMARY
2024-10-24 15:27:10,262 INFO l.util [main] Run:                          0
2024-10-24 15:27:10,262 INFO l.util [main] Previously run:               2
2024-10-24 15:27:10,262 INFO l.util [main] Filtered out:                 0
2024-10-24 15:27:10,262 INFO l.util [main] -------------------------------
2024-10-24 15:27:10,262 INFO l.util [main] Total change sets:            2
2024-10-24 15:27:10,262 INFO l.util [main] Update summary generated
2024-10-24 15:27:10,280 INFO l.lockservice [main] Successfully released change log lock
2024-10-24 15:27:10,282 INFO l.command [main] Command execution complete
2024-10-24 15:27:10,318 INFO o.h.j.i.u.LogHelper [main] HHH000204: Processing PersistenceUnitInfo [name: default]
2024-10-24 15:27:10,341 INFO o.h.Version [main] HHH000412: Hibernate ORM core version 6.5.3.Final
2024-10-24 15:27:10,355 INFO o.h.c.i.RegionFactoryInitiator [main] HHH000026: Second-level cache disabled
2024-10-24 15:27:10,464 INFO o.s.o.j.p.SpringPersistenceUnitInfo [main] No LoadTimeWeaver setup: ignoring JPA class transformer
2024-10-24 15:27:10,848 INFO o.h.e.t.j.p.i.JtaPlatformInitiator [main] HHH000489: No JTA platform available (set 'hibernate.transaction.jta.platform' to enable JTA platform integration)
2024-10-24 15:27:10,864 INFO o.s.o.j.LocalContainerEntityManagerFactoryBean [main] Initialized JPA EntityManagerFactory for persistence unit 'default'
2024-10-24 15:27:10,963 INFO o.s.d.j.r.q.QueryEnhancerFactory [main] Hibernate is in classpath; If applicable, HQL parser will be used.
2024-10-24 15:27:11,450 INFO o.a.c.h.Http11NioProtocol [main] Starting ProtocolHandler ["http-nio-8084"]
2024-10-24 15:27:11,456 INFO o.s.b.w.e.t.TomcatWebServer [main] Tomcat started on port 8084 (http) with context path '/card'
2024-10-24 15:27:11,460 INFO o.s.a.r.c.CachingConnectionFactory [main] Attempting to connect to: [localhost:5672]
2024-10-24 15:27:11,477 INFO o.s.a.r.c.CachingConnectionFactory [main] Created new connection: rabbitConnectionFactory#784fb189:0/SimpleConnection@49f8b57d [delegate=amqp://admin@127.0.0.1:5672/, localPort=50830]
2024-10-24 15:27:11,508 INFO e.s.c.CardApplication [main] Started CardApplication in 3.102 seconds (process running for 3.284)
2024-10-24 15:27:53,600 INFO o.s.a.r.l.SimpleMessageListenerContainer [org.springframework.amqp.rabbit.RabbitListenerEndpointContainer#0-2] Waiting for workers to finish.
2024-10-24 15:27:53,601 INFO o.s.a.r.l.SimpleMessageListenerContainer [org.springframework.amqp.rabbit.RabbitListenerEndpointContainer#1-2] Waiting for workers to finish.
2024-10-24 15:27:54,515 INFO o.s.a.r.l.SimpleMessageListenerContainer [org.springframework.amqp.rabbit.RabbitListenerEndpointContainer#0-2] Successfully waited for workers to finish.
2024-10-24 15:27:54,515 INFO o.s.a.r.l.SimpleMessageListenerContainer [org.springframework.amqp.rabbit.RabbitListenerEndpointContainer#1-2] Successfully waited for workers to finish.
2024-10-24 15:27:54,522 INFO o.s.o.j.LocalContainerEntityManagerFactoryBean [SpringApplicationShutdownHook] Closing JPA EntityManagerFactory for persistence unit 'default'
2024-10-24 15:27:54,523 INFO c.z.h.HikariDataSource [SpringApplicationShutdownHook] HikariPool-1 - Shutdown initiated...
2024-10-24 15:27:54,525 INFO c.z.h.HikariDataSource [SpringApplicationShutdownHook] HikariPool-1 - Shutdown completed.
